\BOOKMARK [1][-]{section.1}{Spielerkl\344rung}{}% 1
\BOOKMARK [2][-]{subsection.1.1}{Das Spiel}{section.1}% 2
\BOOKMARK [2][-]{subsection.1.2}{Steuerung}{section.1}% 3
\BOOKMARK [1][-]{section.2}{Zielbestimmung}{}% 4
\BOOKMARK [2][-]{subsection.2.1}{Musskriterien}{section.2}% 5
\BOOKMARK [2][-]{subsection.2.2}{Wunschkriterien}{section.2}% 6
\BOOKMARK [2][-]{subsection.2.3}{Abgrenzungskriterien}{section.2}% 7
\BOOKMARK [1][-]{section.3}{Produkteinsatz}{}% 8
\BOOKMARK [2][-]{subsection.3.1}{Anwendungsbereiche}{section.3}% 9
\BOOKMARK [2][-]{subsection.3.2}{Zielgruppen}{section.3}% 10
\BOOKMARK [2][-]{subsection.3.3}{Betriebsbedingungen}{section.3}% 11
\BOOKMARK [1][-]{section.4}{Produktumgebung}{}% 12
\BOOKMARK [2][-]{subsection.4.1}{Software}{section.4}% 13
\BOOKMARK [2][-]{subsection.4.2}{Hardware}{section.4}% 14
\BOOKMARK [2][-]{subsection.4.3}{Orgware}{section.4}% 15
\BOOKMARK [1][-]{section.5}{Produktfunktionen}{}% 16
\BOOKMARK [2][-]{subsection.5.1}{Benutzerfunktionen}{section.5}% 17
\BOOKMARK [2][-]{subsection.5.2}{Administratorfunktionen}{section.5}% 18
\BOOKMARK [1][-]{section.6}{Produktdaten}{}% 19
\BOOKMARK [1][-]{section.7}{Produktleistungen}{}% 20
\BOOKMARK [1][-]{section.8}{Benutzeroberfl\344che}{}% 21
\BOOKMARK [1][-]{section.9}{Qualit\344tszielbestimmung}{}% 22
\BOOKMARK [1][-]{section.10}{Testszenarien}{}% 23
\BOOKMARK [1][-]{section.11}{Entwicklungsumgebung}{}% 24
\BOOKMARK [1][-]{section.12}{Glossar}{}% 25
\BOOKMARK [1][-]{section.13}{Layoutdesign}{}% 26
\BOOKMARK [2][-]{subsection.13.1}{Hauptseite}{section.13}% 27
\BOOKMARK [2][-]{subsection.13.2}{Pre-Match-Phase}{section.13}% 28
\BOOKMARK [2][-]{subsection.13.3}{Match-Phase}{section.13}% 29
